npm verb cli /Users/godswaynyatuame/.nvm/versions/node/v16.17.1/bin/node /Users/godswaynyatuame/.nvm/versions/node/v16.17.1/bin/npm
npm info using npm@8.15.0
npm info using node@v16.17.1
npm timing npm:load:whichnode Completed in 0ms
npm timing config:load:defaults Completed in 1ms
npm timing config:load:file:/Users/godswaynyatuame/.nvm/versions/node/v16.17.1/lib/node_modules/npm/npmrc Completed in 0ms
npm timing config:load:builtin Completed in 0ms
npm timing config:load:cli Completed in 1ms
npm timing config:load:env Completed in 1ms
npm timing config:load:file:/Users/godswaynyatuame/Documents/GitHub/Browserstack - Cypress/tmpBstackPackages/.npmrc Completed in 0ms
npm timing config:load:project Completed in 5ms
npm timing config:load:file:/Users/godswaynyatuame/.npmrc Completed in 0ms
npm timing config:load:user Completed in 0ms
npm timing config:load:file:/Users/godswaynyatuame/.nvm/versions/node/v16.17.1/etc/npmrc Completed in 0ms
npm timing config:load:global Completed in 0ms
npm timing config:load:validate Completed in 0ms
npm timing config:load:credentials Completed in 1ms
npm timing config:load:setEnvs Completed in 0ms
npm timing config:load Completed in 9ms
npm timing npm:load:configload Completed in 9ms
npm timing npm:load:mkdirpcache Completed in 1ms
npm timing npm:load:mkdirplogs Completed in 0ms
npm verb title npm install
npm verb argv "install" "--legacy-peer-deps" "--loglevel" "verbose"
npm timing npm:load:setTitle Completed in 6ms
npm timing config:load:flatten Completed in 2ms
npm timing npm:load:display Completed in 4ms
npm verb logfile logs-max:10 dir:/Users/godswaynyatuame/.npm/_logs
npm verb logfile /Users/godswaynyatuame/.npm/_logs/2023-04-03T13_24_07_807Z-debug-0.log
npm timing npm:load:logFile Completed in 2ms
npm timing npm:load:timers Completed in 0ms
npm timing npm:load:configScope Completed in 0ms
npm timing npm:load Completed in 23ms
npm timing arborist:ctor Completed in 1ms
npm timing arborist:ctor Completed in 0ms
npm timing idealTree:init Completed in 6ms
npm timing idealTree:userRequests Completed in 0ms
npm http fetch GET 200 https://registry.npmjs.org/cypress 590ms (cache revalidated)
npm http fetch GET 200 https://registry.npmjs.org/@cypress%2fxvfb 217ms (cache revalidated)
npm http fetch GET 200 https://registry.npmjs.org/dayjs 357ms (cache revalidated)
npm http fetch GET 200 https://registry.npmjs.org/debug 389ms (cache revalidated)
npm http fetch GET 200 https://registry.npmjs.org/cachedir 413ms (cache revalidated)
npm http fetch GET 200 https://registry.npmjs.org/@types%2fsizzle 450ms (cache revalidated)
npm http fetch GET 200 https://registry.npmjs.org/chalk 448ms (cache revalidated)
npm http fetch GET 200 https://registry.npmjs.org/eventemitter2 449ms (cache revalidated)
npm http fetch GET 200 https://registry.npmjs.org/cli-cursor 453ms (cache revalidated)
npm http fetch GET 200 https://registry.npmjs.org/arch 455ms (cache revalidated)
npm http fetch GET 200 https://registry.npmjs.org/cli-table3 455ms (cache revalidated)
npm http fetch GET 200 https://registry.npmjs.org/bluebird 460ms (cache revalidated)
npm http fetch GET 200 https://registry.npmjs.org/common-tags 459ms (cache revalidated)
npm http fetch GET 200 https://registry.npmjs.org/@types%2fnode 469ms (cache revalidated)
npm http fetch GET 200 https://registry.npmjs.org/@cypress%2frequest 491ms (cache revalidated)
npm http fetch GET 200 https://registry.npmjs.org/is-ci 497ms (cache revalidated)
npm http fetch GET 200 https://registry.npmjs.org/enquirer 505ms (cache revalidated)
npm http fetch GET 200 https://registry.npmjs.org/buffer 510ms (cache revalidated)
npm http fetch GET 200 https://registry.npmjs.org/executable 531ms (cache revalidated)
npm http fetch GET 200 https://registry.npmjs.org/blob-util 572ms (cache revalidated)
npm http fetch GET 200 https://registry.npmjs.org/extract-zip 581ms (cache revalidated)
npm http fetch GET 200 https://registry.npmjs.org/@types%2fsinonjs__fake-timers 588ms (cache revalidated)
npm http fetch GET 200 https://registry.npmjs.org/commander 584ms (cache revalidated)
npm http fetch GET 200 https://registry.npmjs.org/log-symbols 585ms (cache revalidated)
npm http fetch GET 200 https://registry.npmjs.org/figures 588ms (cache revalidated)
npm http fetch GET 200 https://registry.npmjs.org/lazy-ass 586ms (cache revalidated)
npm http fetch GET 200 https://registry.npmjs.org/lodash 586ms (cache revalidated)
npm http fetch GET 200 https://registry.npmjs.org/is-installed-globally 589ms (cache revalidated)
npm http fetch GET 200 https://registry.npmjs.org/listr2 624ms (cache revalidated)
npm http fetch GET 200 https://registry.npmjs.org/pretty-bytes 625ms (cache revalidated)
npm http fetch GET 200 https://registry.npmjs.org/execa 644ms (cache revalidated)
npm http fetch GET 200 https://registry.npmjs.org/getos 660ms (cache revalidated)
npm http fetch GET 200 https://registry.npmjs.org/ospath 659ms (cache revalidated)
npm http fetch GET 200 https://registry.npmjs.org/tmp 691ms (cache revalidated)
npm http fetch GET 200 https://registry.npmjs.org/request-progress 702ms (cache revalidated)
npm http fetch GET 200 https://registry.npmjs.org/yauzl 708ms (cache revalidated)
npm http fetch GET 200 https://registry.npmjs.org/proxy-from-env 711ms (cache revalidated)
npm http fetch GET 200 https://registry.npmjs.org/fs-extra 717ms (cache revalidated)
npm http fetch GET 200 https://registry.npmjs.org/supports-color 717ms (cache revalidated)
npm http fetch GET 200 https://registry.npmjs.org/semver 725ms (cache revalidated)
npm http fetch GET 200 https://registry.npmjs.org/untildify 726ms (cache revalidated)
npm http fetch GET 200 https://registry.npmjs.org/check-more-types 1116ms (cache revalidated)
npm http fetch GET 200 https://registry.npmjs.org/minimist 1401ms (cache revalidated)
npm timing idealTree:#root Completed in 2017ms
npm http fetch GET 200 https://registry.npmjs.org/ansi-styles 195ms (cache revalidated)
npm http fetch GET 200 https://registry.npmjs.org/uuid 202ms (cache revalidated)
npm http fetch GET 200 https://registry.npmjs.org/json-stringify-safe 212ms (cache revalidated)
npm http fetch GET 200 https://registry.npmjs.org/isstream 212ms (cache revalidated)
npm http fetch GET 200 https://registry.npmjs.org/safe-buffer 212ms (cache revalidated)
npm http fetch GET 200 https://registry.npmjs.org/qs 218ms (cache revalidated)
npm http fetch GET 200 https://registry.npmjs.org/tough-cookie 219ms (cache revalidated)
npm http fetch GET 200 https://registry.npmjs.org/combined-stream 225ms (cache revalidated)
npm http fetch GET 200 https://registry.npmjs.org/mime-types 223ms (cache revalidated)
npm http fetch GET 200 https://registry.npmjs.org/aws4 227ms (cache revalidated)
npm http fetch GET 200 https://registry.npmjs.org/is-typedarray 226ms (cache revalidated)
npm http fetch GET 200 https://registry.npmjs.org/performance-now 226ms (cache revalidated)
npm http fetch GET 200 https://registry.npmjs.org/caseless 230ms (cache revalidated)
npm http fetch GET 200 https://registry.npmjs.org/http-signature 232ms (cache revalidated)
npm http fetch GET 200 https://registry.npmjs.org/form-data 236ms (cache revalidated)
npm http fetch GET 200 https://registry.npmjs.org/tunnel-agent 318ms (cache revalidated)
npm http fetch GET 200 https://registry.npmjs.org/lodash.once 332ms (cache revalidated)
npm http fetch GET 200 https://registry.npmjs.org/is-stream 330ms (cache revalidated)
npm http fetch GET 200 https://registry.npmjs.org/base64-js 339ms (cache revalidated)
npm http fetch GET 200 https://registry.npmjs.org/ieee754 344ms (cache revalidated)
npm http fetch GET 200 https://registry.npmjs.org/restore-cursor 344ms (cache revalidated)
npm http fetch GET 200 https://registry.npmjs.org/string-width 355ms (cache revalidated)
npm http fetch GET 200 https://registry.npmjs.org/get-stream 355ms (cache revalidated)
npm http fetch GET 200 https://registry.npmjs.org/merge-stream 353ms (cache revalidated)
npm http fetch GET 200 https://registry.npmjs.org/onetime 357ms (cache revalidated)
npm http fetch GET 200 https://registry.npmjs.org/extend 371ms (cache revalidated)
npm http fetch GET 200 https://registry.npmjs.org/aws-sign2 375ms (cache revalidated)
npm http fetch GET 200 https://registry.npmjs.org/@colors%2fcolors 380ms (cache revalidated)
npm http fetch GET 200 https://registry.npmjs.org/forever-agent 389ms (cache revalidated)
npm http fetch GET 200 https://registry.npmjs.org/strip-final-newline 428ms (cache revalidated)
npm http fetch GET 200 https://registry.npmjs.org/cross-spawn 453ms (cache revalidated)
npm http fetch GET 200 https://registry.npmjs.org/get-stream 458ms (cache revalidated)
npm http fetch GET 200 https://registry.npmjs.org/graceful-fs 465ms (cache revalidated)
npm http fetch GET 200 https://registry.npmjs.org/escape-string-regexp 473ms (cache revalidated)
npm http fetch GET 200 https://registry.npmjs.org/signal-exit 481ms (cache revalidated)
npm http fetch GET 200 https://registry.npmjs.org/universalify 472ms (cache revalidated)
npm http fetch GET 200 https://registry.npmjs.org/global-dirs 472ms (cache revalidated)
npm http fetch GET 200 https://registry.npmjs.org/jsonfile 493ms (cache revalidated)
npm http fetch GET 200 https://registry.npmjs.org/ms 506ms (cache revalidated)
npm http fetch GET 200 https://registry.npmjs.org/pify 501ms (cache revalidated)
npm http fetch GET 200 https://registry.npmjs.org/human-signals 509ms (cache revalidated)
npm http fetch GET 200 https://registry.npmjs.org/async 482ms (cache revalidated)
npm http fetch GET 200 https://registry.npmjs.org/log-update 503ms (cache revalidated)
npm http fetch GET 200 https://registry.npmjs.org/is-path-inside 515ms (cache revalidated)
npm http fetch GET 200 https://registry.npmjs.org/colorette 552ms (cache revalidated)
npm http fetch GET 200 https://registry.npmjs.org/p-map 560ms (cache revalidated)
npm http fetch GET 200 https://registry.npmjs.org/through 584ms (cache revalidated)
npm http fetch GET 200 https://registry.npmjs.org/@types%2fyauzl 611ms (cache revalidated)
npm http fetch GET 200 https://registry.npmjs.org/rxjs 589ms (cache revalidated)
npm http fetch GET 200 https://registry.npmjs.org/at-least-node 625ms (cache revalidated)
npm http fetch GET 200 https://registry.npmjs.org/cli-truncate 603ms (cache revalidated)
npm http fetch GET 200 https://registry.npmjs.org/is-unicode-supported 603ms (cache revalidated)
npm http fetch GET 200 https://registry.npmjs.org/has-flag 612ms (cache revalidated)
npm http fetch GET 200 https://registry.npmjs.org/ci-info 622ms (cache revalidated)
npm http fetch GET 200 https://registry.npmjs.org/lru-cache 619ms (cache revalidated)
npm http fetch GET 200 https://registry.npmjs.org/rfdc 628ms (cache revalidated)
npm http fetch GET 200 https://registry.npmjs.org/wrap-ansi 630ms (cache revalidated)
npm http fetch GET 200 https://registry.npmjs.org/npm-run-path 677ms (cache revalidated)
npm http fetch GET 200 https://registry.npmjs.org/throttleit 681ms (cache revalidated)
npm http fetch GET 200 https://registry.npmjs.org/buffer-crc32 688ms (cache revalidated)
npm http fetch GET 200 https://registry.npmjs.org/rimraf 707ms (cache revalidated)
npm http fetch GET 200 https://registry.npmjs.org/fd-slicer 709ms (cache revalidated)
npm http fetch GET 200 https://registry.npmjs.org/ansi-colors 1004ms (cache revalidated)
npm timing idealTree:node_modules/cypress Completed in 1057ms
npm http fetch GET 200 https://registry.npmjs.org/asynckit 140ms (cache revalidated)
npm http fetch GET 200 https://registry.npmjs.org/assert-plus 161ms (cache revalidated)
npm http fetch GET 200 https://registry.npmjs.org/mime-db 162ms (cache revalidated)
npm http fetch GET 200 https://registry.npmjs.org/sshpk 164ms (cache revalidated)
npm http fetch GET 200 https://registry.npmjs.org/jsprim 169ms (cache revalidated)
npm http fetch GET 200 https://registry.npmjs.org/delayed-stream 171ms (cache revalidated)
npm http fetch GET 200 https://registry.npmjs.org/side-channel 171ms (cache revalidated)
npm http fetch GET 200 https://registry.npmjs.org/punycode 169ms (cache revalidated)
npm http fetch GET 200 https://registry.npmjs.org/psl 172ms (cache revalidated)
npm timing idealTree:node_modules/@cypress/request Completed in 202ms
npm timing idealTree:node_modules/@cypress/xvfb Completed in 2ms
npm timing idealTree:node_modules/@types/node Completed in 0ms
npm timing idealTree:node_modules/@types/sinonjs__fake-timers Completed in 0ms
npm timing idealTree:node_modules/@types/sizzle Completed in 0ms
npm timing idealTree:node_modules/arch Completed in 0ms
npm timing idealTree:node_modules/aws-sign2 Completed in 0ms
npm timing idealTree:node_modules/aws4 Completed in 0ms
npm timing idealTree:node_modules/blob-util Completed in 0ms
npm timing idealTree:node_modules/bluebird Completed in 0ms
npm timing idealTree:node_modules/buffer Completed in 1ms
npm timing idealTree:node_modules/base64-js Completed in 0ms
npm timing idealTree:node_modules/cachedir Completed in 0ms
npm timing idealTree:node_modules/caseless Completed in 0ms
npm http fetch GET 200 https://registry.npmjs.org/color-convert 170ms (cache revalidated)
npm timing idealTree:node_modules/chalk Completed in 173ms
npm http fetch GET 200 https://registry.npmjs.org/color-name 170ms (cache revalidated)
npm timing idealTree:node_modules/ansi-styles Completed in 176ms
npm timing idealTree:node_modules/check-more-types Completed in 0ms
npm timing idealTree:node_modules/cli-cursor Completed in 2ms
npm http fetch GET 200 https://registry.npmjs.org/is-fullwidth-code-point 156ms (cache revalidated)
npm http fetch GET 200 https://registry.npmjs.org/emoji-regex 159ms (cache revalidated)
npm http fetch GET 200 https://registry.npmjs.org/strip-ansi 165ms (cache revalidated)
npm timing idealTree:node_modules/cli-table3 Completed in 172ms
npm timing idealTree:node_modules/@colors/colors Completed in 0ms
npm timing idealTree:node_modules/color-convert Completed in 2ms
npm timing idealTree:node_modules/color-name Completed in 0ms
npm timing idealTree:node_modules/combined-stream Completed in 1ms
npm timing idealTree:node_modules/commander Completed in 0ms
npm timing idealTree:node_modules/common-tags Completed in 1ms
npm timing idealTree:node_modules/dayjs Completed in 0ms
npm timing idealTree:node_modules/debug Completed in 1ms
npm timing idealTree:node_modules/delayed-stream Completed in 0ms
npm timing idealTree:node_modules/enquirer Completed in 0ms
npm timing idealTree:node_modules/ansi-colors Completed in 0ms
npm timing idealTree:node_modules/eventemitter2 Completed in 0ms
npm http fetch GET 200 https://registry.npmjs.org/pump 146ms (cache revalidated)
npm http fetch GET 200 https://registry.npmjs.org/shebang-command 154ms (cache revalidated)
npm http fetch GET 200 https://registry.npmjs.org/which 178ms (cache revalidated)
npm http fetch GET 200 https://registry.npmjs.org/path-key 180ms (cache revalidated)
npm http fetch GET 200 https://registry.npmjs.org/mimic-fn 178ms (cache revalidated)
npm http fetch GET 200 https://registry.npmjs.org/path-key 186ms (cache revalidated)
npm timing idealTree:node_modules/execa Completed in 202ms
npm http fetch GET 200 https://registry.npmjs.org/isexe 149ms (cache revalidated)
npm http fetch GET 200 https://registry.npmjs.org/shebang-regex 167ms (cache revalidated)
npm timing idealTree:node_modules/cross-spawn Completed in 170ms
npm timing idealTree:node_modules/executable Completed in 2ms
npm timing idealTree:node_modules/extend Completed in 0ms
npm timing idealTree:node_modules/extract-zip Completed in 2ms
npm timing idealTree:node_modules/@types/yauzl Completed in 0ms
npm timing idealTree:node_modules/figures Completed in 2ms
npm timing idealTree:node_modules/escape-string-regexp Completed in 0ms
npm timing idealTree:node_modules/forever-agent Completed in 0ms
npm timing idealTree:node_modules/form-data Completed in 2ms
npm timing idealTree:node_modules/asynckit Completed in 0ms
npm timing idealTree:node_modules/fs-extra Completed in 6ms
npm timing idealTree:node_modules/at-least-node Completed in 0ms
npm http fetch GET 200 https://registry.npmjs.org/once 150ms (cache revalidated)
npm http fetch GET 200 https://registry.npmjs.org/end-of-stream 164ms (cache revalidated)
npm timing idealTree:node_modules/get-stream Completed in 169ms
npm timing idealTree:node_modules/getos Completed in 3ms
npm timing idealTree:node_modules/async Completed in 0ms
npm timing idealTree:node_modules/graceful-fs Completed in 0ms
npm http fetch GET 200 https://registry.npmjs.org/ecc-jsbn 131ms (cache revalidated)
npm http fetch GET 200 https://registry.npmjs.org/asn1 148ms (cache revalidated)
npm http fetch GET 200 https://registry.npmjs.org/getpass 161ms (cache revalidated)
npm http fetch GET 200 https://registry.npmjs.org/json-schema 164ms (cache revalidated)
npm http fetch GET 200 https://registry.npmjs.org/dashdash 164ms (cache revalidated)
npm http fetch GET 200 https://registry.npmjs.org/safer-buffer 171ms (cache revalidated)
npm http fetch GET 200 https://registry.npmjs.org/bcrypt-pbkdf 170ms (cache revalidated)
npm http fetch GET 200 https://registry.npmjs.org/tweetnacl 171ms (cache revalidated)
npm http fetch GET 200 https://registry.npmjs.org/verror 175ms (cache revalidated)
npm http fetch GET 200 https://registry.npmjs.org/jsbn 173ms (cache revalidated)
npm http fetch GET 200 https://registry.npmjs.org/extsprintf 178ms (cache revalidated)
npm timing idealTree:node_modules/http-signature Completed in 185ms
npm timing idealTree:node_modules/assert-plus Completed in 0ms
npm timing idealTree:node_modules/human-signals Completed in 0ms
npm timing idealTree:node_modules/ieee754 Completed in 0ms
npm timing idealTree:node_modules/is-ci Completed in 1ms
npm timing idealTree:node_modules/ci-info Completed in 0ms
npm http fetch GET 200 https://registry.npmjs.org/ini 180ms (cache revalidated)
npm timing idealTree:node_modules/is-installed-globally Completed in 183ms
npm timing idealTree:node_modules/global-dirs Completed in 2ms
npm timing idealTree:node_modules/ini Completed in 0ms
npm timing idealTree:node_modules/is-path-inside Completed in 0ms
npm timing idealTree:node_modules/is-stream Completed in 0ms
npm timing idealTree:node_modules/is-typedarray Completed in 0ms
npm timing idealTree:node_modules/isstream Completed in 0ms
npm timing idealTree:node_modules/json-stringify-safe Completed in 0ms
npm timing idealTree:node_modules/jsonfile Completed in 0ms
npm http fetch GET 200 https://registry.npmjs.org/core-util-is 171ms (cache revalidated)
npm timing idealTree:node_modules/jsprim Completed in 178ms
npm timing idealTree:node_modules/extsprintf Completed in 0ms
npm timing idealTree:node_modules/json-schema Completed in 0ms
npm timing idealTree:node_modules/lazy-ass Completed in 0ms
npm http fetch GET 200 https://registry.npmjs.org/tslib 154ms (cache revalidated)
npm http fetch GET 200 https://registry.npmjs.org/slice-ansi 159ms (cache revalidated)
npm http fetch GET 200 https://registry.npmjs.org/ansi-escapes 164ms (cache revalidated)
npm http fetch GET 200 https://registry.npmjs.org/aggregate-error 162ms (cache revalidated)
npm http fetch GET 200 https://registry.npmjs.org/slice-ansi 170ms (cache revalidated)
npm timing idealTree:node_modules/listr2 Completed in 181ms
npm http fetch GET 200 https://registry.npmjs.org/astral-regex 166ms (cache revalidated)
npm timing idealTree:node_modules/cli-truncate Completed in 168ms
npm timing idealTree:node_modules/colorette Completed in 0ms
npm timing idealTree:node_modules/lodash Completed in 0ms
npm timing idealTree:node_modules/lodash.once Completed in 0ms
npm timing idealTree:node_modules/log-symbols Completed in 1ms
npm timing idealTree:node_modules/is-unicode-supported Completed in 0ms
npm http fetch GET 200 https://registry.npmjs.org/type-fest 168ms (cache revalidated)
npm timing idealTree:node_modules/log-update Completed in 180ms
npm timing idealTree:node_modules/ansi-escapes Completed in 2ms
npm timing idealTree:node_modules/merge-stream Completed in 0ms
npm timing idealTree:node_modules/mime-types Completed in 3ms
npm timing idealTree:node_modules/mime-db Completed in 0ms
npm timing idealTree:node_modules/minimist Completed in 0ms
npm timing idealTree:node_modules/ms Completed in 0ms
npm timing idealTree:node_modules/npm-run-path Completed in 0ms
npm timing idealTree:node_modules/onetime Completed in 1ms
npm timing idealTree:node_modules/mimic-fn Completed in 0ms
npm timing idealTree:node_modules/ospath Completed in 0ms
npm http fetch GET 200 https://registry.npmjs.org/indent-string 155ms (cache revalidated)
npm http fetch GET 200 https://registry.npmjs.org/clean-stack 175ms (cache revalidated)
npm timing idealTree:node_modules/p-map Completed in 178ms
npm timing idealTree:node_modules/aggregate-error Completed in 4ms
npm timing idealTree:node_modules/clean-stack Completed in 0ms
npm timing idealTree:node_modules/indent-string Completed in 0ms
npm timing idealTree:node_modules/path-key Completed in 0ms
npm timing idealTree:node_modules/performance-now Completed in 0ms
npm timing idealTree:node_modules/pify Completed in 0ms
npm timing idealTree:node_modules/pretty-bytes Completed in 0ms
npm timing idealTree:node_modules/proxy-from-env Completed in 0ms
npm http fetch GET 200 https://registry.npmjs.org/wrappy 161ms (cache revalidated)
npm timing idealTree:node_modules/pump Completed in 165ms
npm timing idealTree:node_modules/end-of-stream Completed in 0ms
npm timing idealTree:node_modules/once Completed in 6ms
npm http fetch GET 200 https://registry.npmjs.org/get-intrinsic 157ms (cache revalidated)
npm http fetch GET 200 https://registry.npmjs.org/object-inspect 157ms (cache revalidated)
npm http fetch GET 200 https://registry.npmjs.org/call-bind 183ms (cache revalidated)
npm timing idealTree:node_modules/qs Completed in 186ms
npm timing idealTree:node_modules/request-progress Completed in 2ms
npm timing idealTree:node_modules/restore-cursor Completed in 0ms
npm timing idealTree:node_modules/rfdc Completed in 0ms
npm timing idealTree:node_modules/rxjs Completed in 1ms
npm timing idealTree:node_modules/safe-buffer Completed in 0ms
npm http fetch GET 200 https://registry.npmjs.org/yallist 165ms (cache revalidated)
npm timing idealTree:node_modules/semver Completed in 168ms
npm timing idealTree:node_modules/lru-cache Completed in 2ms
npm timing idealTree:node_modules/shebang-command Completed in 2ms
npm timing idealTree:node_modules/shebang-regex Completed in 0ms
npm http fetch GET 200 https://registry.npmjs.org/has-symbols 154ms (cache revalidated)
npm http fetch GET 200 https://registry.npmjs.org/has 157ms (cache revalidated)
npm http fetch GET 200 https://registry.npmjs.org/function-bind 165ms (cache revalidated)
npm timing idealTree:node_modules/side-channel Completed in 171ms
npm timing idealTree:node_modules/call-bind Completed in 2ms
npm timing idealTree:node_modules/function-bind Completed in 0ms
npm timing idealTree:node_modules/get-intrinsic Completed in 3ms
npm timing idealTree:node_modules/has Completed in 0ms
npm timing idealTree:node_modules/has-symbols Completed in 0ms
npm timing idealTree:node_modules/object-inspect Completed in 0ms
npm timing idealTree:node_modules/signal-exit Completed in 0ms
npm timing idealTree:node_modules/slice-ansi Completed in 3ms
npm timing idealTree:node_modules/astral-regex Completed in 0ms
npm timing idealTree:node_modules/is-fullwidth-code-point Completed in 0ms
npm timing idealTree:node_modules/sshpk Completed in 10ms
npm timing idealTree:node_modules/asn1 Completed in 0ms
npm timing idealTree:node_modules/bcrypt-pbkdf Completed in 0ms
npm timing idealTree:node_modules/dashdash Completed in 0ms
npm timing idealTree:node_modules/ecc-jsbn Completed in 0ms
npm timing idealTree:node_modules/getpass Completed in 0ms
npm timing idealTree:node_modules/jsbn Completed in 0ms
npm timing idealTree:node_modules/safer-buffer Completed in 0ms
npm http fetch GET 200 https://registry.npmjs.org/ansi-regex 164ms (cache revalidated)
npm timing idealTree:node_modules/string-width Completed in 166ms
npm timing idealTree:node_modules/emoji-regex Completed in 0ms
npm timing idealTree:node_modules/strip-ansi Completed in 1ms
npm timing idealTree:node_modules/ansi-regex Completed in 0ms
npm timing idealTree:node_modules/strip-final-newline Completed in 0ms
npm timing idealTree:node_modules/supports-color Completed in 2ms
npm timing idealTree:node_modules/has-flag Completed in 0ms
npm timing idealTree:node_modules/throttleit Completed in 0ms
npm timing idealTree:node_modules/through Completed in 0ms
npm http fetch GET 200 https://registry.npmjs.org/glob 184ms (cache revalidated)
npm timing idealTree:node_modules/tmp Completed in 186ms
npm http fetch GET 200 https://registry.npmjs.org/inflight 171ms (cache revalidated)
npm http fetch GET 200 https://registry.npmjs.org/fs.realpath 172ms (cache revalidated)
npm http fetch GET 200 https://registry.npmjs.org/path-is-absolute 172ms (cache revalidated)
npm http fetch GET 200 https://registry.npmjs.org/minimatch 175ms (cache revalidated)
npm http fetch GET 200 https://registry.npmjs.org/inherits 179ms (cache revalidated)
npm timing idealTree:node_modules/rimraf Completed in 180ms
npm http fetch GET 200 https://registry.npmjs.org/brace-expansion 164ms (cache revalidated)
npm timing idealTree:node_modules/glob Completed in 173ms
npm timing idealTree:node_modules/fs.realpath Completed in 0ms
npm timing idealTree:node_modules/inflight Completed in 0ms
npm timing idealTree:node_modules/inherits Completed in 0ms
npm http fetch GET 200 https://registry.npmjs.org/concat-map 149ms (cache revalidated)
npm http fetch GET 200 https://registry.npmjs.org/balanced-match 164ms (cache revalidated)
npm timing idealTree:node_modules/minimatch Completed in 171ms
npm timing idealTree:node_modules/brace-expansion Completed in 7ms
npm timing idealTree:node_modules/balanced-match Completed in 0ms
npm timing idealTree:node_modules/concat-map Completed in 0ms
npm timing idealTree:node_modules/path-is-absolute Completed in 0ms
npm timing idealTree:node_modules/tough-cookie Completed in 4ms
npm timing idealTree:node_modules/psl Completed in 0ms
npm timing idealTree:node_modules/punycode Completed in 0ms
npm timing idealTree:node_modules/tslib Completed in 0ms
npm timing idealTree:node_modules/tunnel-agent Completed in 0ms
npm timing idealTree:node_modules/tweetnacl Completed in 0ms
npm timing idealTree:node_modules/type-fest Completed in 0ms
npm timing idealTree:node_modules/universalify Completed in 1ms
npm timing idealTree:node_modules/untildify Completed in 0ms
npm timing idealTree:node_modules/uuid Completed in 0ms
npm timing idealTree:node_modules/verror Completed in 1ms
npm timing idealTree:node_modules/core-util-is Completed in 0ms
npm timing idealTree:node_modules/which Completed in 0ms
npm timing idealTree:node_modules/isexe Completed in 0ms
npm timing idealTree:node_modules/wrap-ansi Completed in 0ms
npm timing idealTree:node_modules/wrappy Completed in 0ms
npm timing idealTree:node_modules/yallist Completed in 0ms
npm http fetch GET 200 https://registry.npmjs.org/pend 167ms (cache revalidated)
npm timing idealTree:node_modules/yauzl Completed in 170ms
npm timing idealTree:node_modules/buffer-crc32 Completed in 0ms
npm timing idealTree:node_modules/fd-slicer Completed in 6ms
npm timing idealTree:node_modules/pend Completed in 0ms
npm timing idealTree:node_modules/@cypress/xvfb/node_modules/debug Completed in 0ms
npm timing idealTree:node_modules/chalk/node_modules/supports-color Completed in 0ms
npm timing idealTree:node_modules/log-update/node_modules/slice-ansi Completed in 0ms
npm timing idealTree:node_modules/log-update/node_modules/wrap-ansi Completed in 0ms
npm timing idealTree:buildDeps Completed in 7461ms
npm timing idealTree:fixDepFlags Completed in 2ms
npm timing idealTree Completed in 7475ms
npm timing reify:loadTrees Completed in 7476ms
npm timing reify:diffTrees Completed in 6ms
npm timing reify:retireShallow Completed in 1ms
npm timing reify:createSparse Completed in 28ms
npm timing reify:loadBundles Completed in 0ms
npm timing reifyNode:node_modules/buffer-crc32 Completed in 286ms
npm timing reifyNode:node_modules/inflight Completed in 288ms
npm timing reifyNode:node_modules/path-is-absolute Completed in 289ms
npm timing reifyNode:node_modules/brace-expansion Completed in 289ms
npm timing reifyNode:node_modules/wrappy Completed in 289ms
npm timing reifyNode:node_modules/once Completed in 290ms
npm timing reifyNode:node_modules/end-of-stream Completed in 290ms
npm timing reifyNode:node_modules/wrap-ansi Completed in 290ms
npm timing reifyNode:node_modules/slice-ansi Completed in 290ms
npm timing reifyNode:node_modules/universalify Completed in 291ms
npm timing reifyNode:node_modules/ini Completed in 291ms
npm timing reifyNode:node_modules/at-least-node Completed in 291ms
npm timing reifyNode:node_modules/@types/yauzl Completed in 291ms
npm timing reifyNode:node_modules/pify Completed in 291ms
npm timing reifyNode:node_modules/strip-final-newline Completed in 292ms
npm timing reifyNode:node_modules/escape-string-regexp Completed in 292ms
npm timing reifyNode:node_modules/merge-stream Completed in 292ms
npm timing reifyNode:node_modules/shebang-command Completed in 292ms
npm timing reifyNode:node_modules/ms Completed in 291ms
npm timing reifyNode:node_modules/color-name Completed in 292ms
npm timing reifyNode:node_modules/lodash.once Completed in 292ms
npm timing reifyNode:node_modules/executable Completed in 292ms
npm timing reifyNode:node_modules/@types/sizzle Completed in 293ms
npm timing reifyNode:node_modules/log-update/node_modules/wrap-ansi Completed in 295ms
npm timing reifyNode:node_modules/log-update/node_modules/slice-ansi Completed in 295ms
npm timing reifyNode:node_modules/@types/sinonjs__fake-timers Completed in 294ms
npm timing reifyNode:node_modules/@cypress/xvfb Completed in 294ms
npm timing reifyNode:node_modules/pend Completed in 298ms
npm timing reifyNode:node_modules/ansi-regex Completed in 297ms
npm timing reifyNode:node_modules/inherits Completed in 298ms
npm timing reifyNode:node_modules/strip-ansi Completed in 298ms
npm timing reifyNode:node_modules/is-fullwidth-code-point Completed in 298ms
npm timing reifyNode:node_modules/astral-regex Completed in 298ms
npm timing reifyNode:node_modules/has-flag Completed in 298ms
npm timing reifyNode:node_modules/lru-cache Completed in 299ms
npm timing reifyNode:node_modules/shebang-regex Completed in 299ms
npm timing reifyNode:node_modules/aggregate-error Completed in 298ms
npm timing reifyNode:node_modules/clean-stack Completed in 298ms
npm timing reifyNode:node_modules/indent-string Completed in 298ms
npm timing reifyNode:node_modules/is-unicode-supported Completed in 298ms
npm timing reifyNode:node_modules/mimic-fn Completed in 298ms
npm timing reifyNode:node_modules/log-update Completed in 298ms
npm timing reifyNode:node_modules/is-path-inside Completed in 299ms
npm timing reifyNode:node_modules/global-dirs Completed in 299ms
npm timing reifyNode:node_modules/cli-truncate Completed in 299ms
npm timing reifyNode:node_modules/p-map Completed in 299ms
npm timing reifyNode:node_modules/assert-plus Completed in 299ms
npm timing reifyNode:node_modules/signal-exit Completed in 299ms
npm timing reifyNode:node_modules/path-key Completed in 299ms
npm timing reifyNode:node_modules/npm-run-path Completed in 299ms
npm timing reifyNode:node_modules/onetime Completed in 300ms
npm timing reifyNode:node_modules/is-stream Completed in 300ms
npm timing reifyNode:node_modules/string-width Completed in 299ms
npm timing reifyNode:node_modules/ieee754 Completed in 299ms
npm timing reifyNode:node_modules/tunnel-agent Completed in 299ms
npm timing reifyNode:node_modules/restore-cursor Completed in 299ms
npm timing reifyNode:node_modules/is-typedarray Completed in 300ms
npm timing reifyNode:node_modules/forever-agent Completed in 300ms
npm timing reifyNode:node_modules/caseless Completed in 300ms
npm timing reifyNode:node_modules/untildify Completed in 300ms
npm timing reifyNode:node_modules/aws-sign2 Completed in 300ms
npm timing reifyNode:node_modules/supports-color Completed in 300ms
npm timing reifyNode:node_modules/pretty-bytes Completed in 299ms
npm timing reifyNode:node_modules/ospath Completed in 299ms
npm timing reifyNode:node_modules/is-installed-globally Completed in 299ms
npm timing reifyNode:node_modules/cli-cursor Completed in 300ms
npm timing reifyNode:node_modules/figures Completed in 300ms
npm timing reifyNode:node_modules/chalk/node_modules/supports-color Completed in 300ms
npm timing reifyNode:node_modules/balanced-match Completed in 304ms
npm timing reifyNode:node_modules/fs.realpath Completed in 304ms
npm timing reifyNode:node_modules/yallist Completed in 305ms
npm timing reifyNode:node_modules/ansi-escapes Completed in 305ms
npm timing reifyNode:node_modules/base64-js Completed in 304ms
npm timing reifyNode:node_modules/ansi-styles Completed in 305ms
npm timing reifyNode:node_modules/combined-stream Completed in 305ms
npm timing reifyNode:node_modules/log-symbols Completed in 304ms
npm timing reifyNode:node_modules/is-ci Completed in 305ms
npm timing reifyNode:node_modules/extract-zip Completed in 305ms
npm timing reifyNode:node_modules/cachedir Completed in 305ms
npm timing reifyNode:node_modules/arch Completed in 305ms
npm timing reifyNode:node_modules/minimatch Completed in 309ms
npm timing reifyNode:node_modules/getpass Completed in 309ms
npm timing reifyNode:node_modules/has Completed in 309ms
npm timing reifyNode:node_modules/pump Completed in 309ms
npm timing reifyNode:node_modules/which Completed in 309ms
npm timing reifyNode:node_modules/delayed-stream Completed in 308ms
npm timing reifyNode:node_modules/get-stream Completed in 308ms
npm timing reifyNode:node_modules/graceful-fs Completed in 309ms
npm timing reifyNode:node_modules/mime-types Completed in 309ms
npm timing reifyNode:node_modules/bcrypt-pbkdf Completed in 312ms
npm timing reifyNode:node_modules/rimraf Completed in 312ms
npm timing reifyNode:node_modules/colorette Completed in 312ms
npm timing reifyNode:node_modules/json-schema Completed in 312ms
npm timing reifyNode:node_modules/jsonfile Completed in 313ms
npm timing reifyNode:node_modules/safe-buffer Completed in 312ms
npm timing reifyNode:node_modules/yauzl Completed in 312ms
npm timing reifyNode:node_modules/concat-map Completed in 316ms
npm timing reifyNode:node_modules/punycode Completed in 316ms
npm timing reifyNode:node_modules/core-util-is Completed in 316ms
npm timing reifyNode:node_modules/throttleit Completed in 316ms
npm timing reifyNode:node_modules/ci-info Completed in 316ms
npm timing reifyNode:node_modules/ansi-colors Completed in 316ms
npm timing reifyNode:node_modules/color-convert Completed in 316ms
npm timing reifyNode:node_modules/lazy-ass Completed in 315ms
npm timing reifyNode:node_modules/debug Completed in 316ms
npm timing reifyNode:node_modules/isexe Completed in 319ms
npm timing reifyNode:node_modules/safer-buffer Completed in 319ms
npm timing reifyNode:node_modules/jsprim Completed in 319ms
npm timing reifyNode:node_modules/isstream Completed in 319ms
npm timing reifyNode:node_modules/extend Completed in 319ms
npm timing reifyNode:node_modules/aws4 Completed in 319ms
npm timing reifyNode:node_modules/request-progress Completed in 319ms
npm timing reifyNode:node_modules/proxy-from-env Completed in 320ms
npm timing reifyNode:node_modules/glob Completed in 322ms
npm timing reifyNode:node_modules/jsbn Completed in 322ms
npm timing reifyNode:node_modules/verror Completed in 322ms
npm timing reifyNode:node_modules/tmp Completed in 321ms
npm timing reifyNode:node_modules/chalk Completed in 321ms
npm timing reifyNode:node_modules/fd-slicer Completed in 325ms
npm timing reifyNode:node_modules/emoji-regex Completed in 324ms
npm timing reifyNode:node_modules/ecc-jsbn Completed in 324ms
npm timing reifyNode:node_modules/extsprintf Completed in 324ms
npm timing reifyNode:node_modules/cross-spawn Completed in 323ms
npm timing reifyNode:node_modules/json-stringify-safe Completed in 323ms
npm timing reifyNode:node_modules/eventemitter2 Completed in 323ms
npm timing reifyNode:node_modules/buffer Completed in 324ms
npm timing reifyNode:node_modules/@cypress/xvfb/node_modules/debug Completed in 325ms
npm timing reifyNode:node_modules/asn1 Completed in 328ms
npm timing reifyNode:node_modules/side-channel Completed in 327ms
npm timing reifyNode:node_modules/through Completed in 328ms
npm timing reifyNode:node_modules/rfdc Completed in 328ms
npm timing reifyNode:node_modules/http-signature Completed in 327ms
npm timing reifyNode:node_modules/check-more-types Completed in 327ms
npm timing reifyNode:node_modules/dashdash Completed in 330ms
npm timing reifyNode:node_modules/get-intrinsic Completed in 330ms
npm timing reifyNode:node_modules/function-bind Completed in 330ms
npm timing reifyNode:node_modules/commander Completed in 328ms
npm timing reifyNode:node_modules/call-bind Completed in 332ms
npm timing reifyNode:node_modules/cli-table3 Completed in 330ms
npm timing reifyNode:node_modules/blob-util Completed in 330ms
npm timing reifyNode:node_modules/tough-cookie Completed in 332ms
npm timing reifyNode:node_modules/execa Completed in 332ms
npm http fetch POST 200 https://registry.npmjs.org/-/npm/v1/security/advisories/bulk 340ms
npm timing auditReport:getReport Completed in 345ms
npm timing auditReport:init Completed in 0ms
npm timing reify:audit Completed in 345ms
npm timing reifyNode:node_modules/human-signals Completed in 338ms
npm timing reifyNode:node_modules/tslib Completed in 339ms
npm timing reifyNode:node_modules/form-data Completed in 338ms
npm timing reifyNode:node_modules/has-symbols Completed in 340ms
npm timing reifyNode:node_modules/mime-db Completed in 340ms
npm timing reifyNode:node_modules/asynckit Completed in 340ms
npm timing reifyNode:node_modules/performance-now Completed in 340ms
npm timing reifyNode:node_modules/tweetnacl Completed in 343ms
npm timing reifyNode:node_modules/@cypress/request Completed in 342ms
npm timing reifyNode:node_modules/@colors/colors Completed in 351ms
npm timing reifyNode:node_modules/minimist Completed in 351ms
npm timing reifyNode:node_modules/qs Completed in 355ms
npm timing reifyNode:node_modules/psl Completed in 359ms
npm timing reifyNode:node_modules/object-inspect Completed in 362ms
npm timing reifyNode:node_modules/type-fest Completed in 371ms
npm timing reifyNode:node_modules/semver Completed in 371ms
npm timing reifyNode:node_modules/sshpk Completed in 376ms
npm timing reifyNode:node_modules/fs-extra Completed in 375ms
npm timing reifyNode:node_modules/enquirer Completed in 376ms
npm timing reifyNode:node_modules/getos Completed in 381ms
npm timing reifyNode:node_modules/uuid Completed in 387ms
npm timing reifyNode:node_modules/bluebird Completed in 387ms
npm timing reifyNode:node_modules/listr2 Completed in 388ms
npm timing reifyNode:node_modules/async Completed in 422ms
npm timing reifyNode:node_modules/common-tags Completed in 421ms
npm timing reifyNode:node_modules/@types/node Completed in 428ms
npm timing reifyNode:node_modules/dayjs Completed in 506ms
npm timing reifyNode:node_modules/lodash Completed in 610ms
npm timing reifyNode:node_modules/cypress Completed in 623ms
npm timing reifyNode:node_modules/rxjs Completed in 743ms
npm timing reify:unpack Completed in 745ms
npm timing reify:unretire Completed in 0ms
npm timing build:queue Completed in 2ms
npm timing build:link:node_modules/cypress Completed in 2ms
npm timing build:link:node_modules/rimraf Completed in 2ms
npm timing build:link:node_modules/is-ci Completed in 2ms
npm timing build:link:node_modules/semver Completed in 2ms
npm timing build:link:node_modules/which Completed in 1ms
npm timing build:link:node_modules/extract-zip Completed in 2ms
npm timing build:link:node_modules/uuid Completed in 2ms
npm timing build:link:node_modules/sshpk Completed in 2ms
npm timing build:link Completed in 3ms
npm info run cypress@12.9.0 postinstall node_modules/cypress node index.js --exec install
npm info run cypress@12.9.0 postinstall { code: 0, signal: null }
npm timing build:run:postinstall:node_modules/cypress Completed in 238ms
npm timing build:run:postinstall Completed in 238ms
npm timing build:deps Completed in 243ms
npm timing build Completed in 243ms
npm timing reify:build Completed in 244ms
npm timing reify:trash Completed in 0ms
npm timing reify:save Completed in 20ms
npm timing reify Completed in 8539ms

added 172 packages, and audited 173 packages in 9s

35 packages are looking for funding
  run `npm fund` for details

found 0 vulnerabilities
npm timing command:install Completed in 8545ms
npm verb exit 0
npm timing npm Completed in 8608ms
npm info ok 
